3.63000e+08 0.00000e+00
3.62961e+08 3.85920e+06
3.62882e+08 7.71799e+06
3.62765e+08 1.15759e+07
3.62608e+08 1.54327e+07
3.62412e+08 1.92877e+07
3.62177e+08 2.31406e+07
3.61903e+08 2.69911e+07
3.61590e+08 3.08386e+07
3.61238e+08 3.46828e+07
3.60847e+08 3.85233e+07
3.60416e+08 4.23596e+07
3.59947e+08 4.61913e+07
3.59439e+08 5.00181e+07
3.58892e+08 5.38394e+07
3.58306e+08 5.76549e+07
3.57682e+08 6.14642e+07
3.57019e+08 6.52668e+07
3.56318e+08 6.90625e+07
3.55578e+08 7.28506e+07
3.54799e+08 7.66309e+07
3.53982e+08 8.04029e+07
3.53127e+08 8.41662e+07
3.52234e+08 8.79205e+07
3.51303e+08 9.16653e+07
3.50335e+08 9.54001e+07
3.49328e+08 9.91247e+07
3.48283e+08 1.02839e+08
3.47202e+08 1.06541e+08
3.46082e+08 1.10233e+08
3.44926e+08 1.13912e+08
3.43732e+08 1.17579e+08
3.42501e+08 1.21234e+08
3.41233e+08 1.24875e+08
3.39929e+08 1.28503e+08
3.38588e+08 1.32118e+08
3.37211e+08 1.35718e+08
3.35797e+08 1.39303e+08
3.34348e+08 1.42873e+08
3.32862e+08 1.46429e+08
3.31341e+08 1.49968e+08
3.29784e+08 1.53491e+08
3.28192e+08 1.56998e+08
3.26564e+08 1.60488e+08
3.24902e+08 1.63961e+08
3.23205e+08 1.67416e+08
3.21473e+08 1.70853e+08
3.19707e+08 1.74272e+08
3.17906e+08 1.77673e+08
3.16072e+08 1.81054e+08
3.14204e+08 1.84416e+08
3.12302e+08 1.87759e+08
3.10367e+08 1.91081e+08
3.08399e+08 1.94383e+08
3.06398e+08 1.97664e+08
3.04365e+08 2.00924e+08
3.02299e+08 2.04163e+08
3.00201e+08 2.07380e+08
2.98071e+08 2.10575e+08
2.95909e+08 2.13748e+08
2.93716e+08 2.16898e+08
2.91492e+08 2.20025e+08
2.89237e+08 2.23129e+08
2.86951e+08 2.26209e+08
2.84635e+08 2.29265e+08
2.82288e+08 2.32297e+08
2.79912e+08 2.35304e+08
2.77507e+08 2.38287e+08
2.75072e+08 2.41244e+08
2.72608e+08 2.44176e+08
2.70116e+08 2.47082e+08
2.67595e+08 2.49963e+08
2.65045e+08 2.52817e+08
2.62469e+08 2.55644e+08
2.59864e+08 2.58445e+08
2.57232e+08 2.61218e+08
2.54574e+08 2.63964e+08
2.51888e+08 2.66683e+08
2.49176e+08 2.69373e+08
2.46439e+08 2.72036e+08
2.43675e+08 2.74670e+08
2.40886e+08 2.77275e+08
2.38072e+08 2.79851e+08
2.35234e+08 2.82399e+08
2.32370e+08 2.84917e+08
2.29483e+08 2.87405e+08
2.26572e+08 2.89864e+08
2.23637e+08 2.92292e+08
2.20680e+08 2.94691e+08
2.17699e+08 2.97058e+08
2.14696e+08 2.99395e+08
2.11671e+08 3.01702e+08
2.08623e+08 3.03977e+08
2.05555e+08 3.06220e+08
2.02465e+08 3.08433e+08
1.99355e+08 3.10613e+08
1.96224e+08 3.12762e+08
1.93072e+08 3.14878e+08
1.89902e+08 3.16963e+08
1.86711e+08 3.19015e+08
1.83502e+08 3.21034e+08
1.80274e+08 3.23020e+08
1.77027e+08 3.24974e+08
1.73762e+08 3.26894e+08
1.70480e+08 3.28781e+08
1.67181e+08 3.30635e+08
1.63864e+08 3.32455e+08
1.60531e+08 3.34242e+08
1.57181e+08 3.35995e+08
1.53816e+08 3.37713e+08
1.50435e+08 3.39398e+08
1.47039e+08 3.41048e+08
1.43628e+08 3.42664e+08
1.40203e+08 3.44245e+08
1.36763e+08 3.45792e+08
1.33310e+08 3.47304e+08
1.29844e+08 3.48782e+08
1.26364e+08 3.50224e+08
1.22872e+08 3.51631e+08
1.19368e+08 3.53004e+08
1.15852e+08 3.54341e+08
1.12324e+08 3.55642e+08
1.08785e+08 3.56909e+08
1.05235e+08 3.58140e+08
1.01675e+08 3.59335e+08
9.81042e+07 3.60495e+08
9.45241e+07 3.61619e+08
9.09347e+07 3.62707e+08
8.73363e+07 3.63759e+08
8.37293e+07 3.64776e+08
8.01141e+07 3.65756e+08
7.64909e+07 3.66701e+08
7.28603e+07 3.67610e+08
6.92225e+07 3.68482e+08
6.55780e+07 3.69319e+08
6.19270e+07 3.70119e+08
5.82700e+07 3.70883e+08
5.46072e+07 3.71611e+08
5.09392e+07 3.72303e+08
4.72662e+07 3.72959e+08
4.35887e+07 3.73578e+08
3.99069e+07 3.74161e+08
3.62212e+07 3.74708e+08
3.25321e+07 3.75219e+08
2.88397e+07 3.75693e+08
2.51447e+07 3.76131e+08
2.14471e+07 3.76533e+08
1.77476e+07 3.76899e+08
1.40463e+07 3.77228e+08
1.03437e+07 3.77521e+08
6.64003e+06 3.77778e+08
2.93578e+06 3.77999e+08
-7.68758e+05 3.78184e+08
-4.47322e+06 3.78332e+08
-8.17725e+06 3.78445e+08
-1.18805e+07 3.78521e+08
-1.55826e+07 3.78562e+08
-1.92833e+07 3.78567e+08
-2.29821e+07 3.78535e+08
-2.66788e+07 3.78468e+08
-3.03729e+07 3.78365e+08
-3.40641e+07 3.78227e+08
-3.77522e+07 3.78053e+08
-4.14367e+07 3.77843e+08
-4.51172e+07 3.77597e+08
-4.87936e+07 3.77317e+08
-5.24654e+07 3.77001e+08
-5.61322e+07 3.76649e+08
-5.97938e+07 3.76262e+08
-6.34499e+07 3.75841e+08
-6.71000e+07 3.75384e+08
-7.07439e+07 3.74892e+08
-7.43812e+07 3.74365e+08
-7.80116e+07 3.73804e+08
-8.16347e+07 3.73208e+08
-8.52503e+07 3.72577e+08
-8.88581e+07 3.71912e+08
-9.24576e+07 3.71213e+08
-9.60486e+07 3.70479e+08
-9.96307e+07 3.69712e+08
-1.03204e+08 3.68910e+08
-1.06767e+08 3.68074e+08
-1.10321e+08 3.67205e+08
-1.13865e+08 3.66302e+08
-1.17398e+08 3.65366e+08
-1.20920e+08 3.64396e+08
-1.24432e+08 3.63393e+08
-1.27932e+08 3.62356e+08
-1.31420e+08 3.61287e+08
-1.34897e+08 3.60185e+08
-1.38361e+08 3.59051e+08
-1.41813e+08 3.57883e+08
-1.45252e+08 3.56684e+08
-1.48678e+08 3.55452e+08
-1.52090e+08 3.54188e+08
-1.55489e+08 3.52892e+08
-1.58873e+08 3.51565e+08
-1.62244e+08 3.50206e+08
-1.65600e+08 3.48815e+08
-1.68941e+08 3.47393e+08
-1.72266e+08 3.45940e+08
-1.75577e+08 3.44456e+08
-1.78872e+08 3.42941e+08
-1.82151e+08 3.41396e+08
-1.85413e+08 3.39820e+08
-1.88659e+08 3.38214e+08
-1.91889e+08 3.36578e+08
-1.95101e+08 3.34912e+08
-1.98296e+08 3.33217e+08
-2.01473e+08 3.31492e+08
-2.04633e+08 3.29737e+08
-2.07774e+08 3.27954e+08
-2.10898e+08 3.26141e+08
-2.14002e+08 3.24300e+08
-2.17088e+08 3.22430e+08
-2.20155e+08 3.20532e+08
-2.23202e+08 3.18606e+08
-2.26230e+08 3.16652e+08
-2.29238e+08 3.14670e+08
-2.32226e+08 3.12660e+08
-2.35194e+08 3.10624e+08
-2.38141e+08 3.08560e+08
-2.41067e+08 3.06469e+08
-2.43972e+08 3.04352e+08
-2.46857e+08 3.02208e+08
-2.49719e+08 3.00037e+08
-2.52560e+08 2.97841e+08
-2.55379e+08 2.95619e+08
-2.58176e+08 2.93372e+08
-2.60951e+08 2.91099e+08
-2.63703e+08 2.88800e+08
-2.66433e+08 2.86477e+08
-2.69139e+08 2.84130e+08
-2.71822e+08 2.81757e+08
-2.74482e+08 2.79361e+08
-2.77119e+08 2.76940e+08
-2.79731e+08 2.74496e+08
-2.82320e+08 2.72028e+08
-2.84884e+08 2.69537e+08
-2.87424e+08 2.67023e+08
-2.89939e+08 2.64486e+08
-2.92430e+08 2.61926e+08
-2.94896e+08 2.59345e+08
-2.97336e+08 2.56740e+08
-2.99751e+08 2.54115e+08
-3.02141e+08 2.51467e+08
-3.04505e+08 2.48798e+08
-3.06843e+08 2.46108e+08
-3.09155e+08 2.43397e+08
-3.11441e+08 2.40666e+08
-3.13701e+08 2.37914e+08
-3.15934e+08 2.35142e+08
-3.18140e+08 2.32350e+08
-3.20320e+08 2.29538e+08
-3.22472e+08 2.26708e+08
-3.24597e+08 2.23858e+08
-3.26695e+08 2.20989e+08
-3.28766e+08 2.18101e+08
-3.30809e+08 2.15196e+08
-3.32824e+08 2.12272e+08
-3.34811e+08 2.09330e+08
-3.36770e+08 2.06371e+08
-3.38701e+08 2.03394e+08
-3.40603e+08 2.00401e+08
-3.42477e+08 1.97391e+08
-3.44322e+08 1.94364e+08
-3.46139e+08 1.91321e+08
-3.47927e+08 1.88262e+08
-3.49685e+08 1.85187e+08
-3.51415e+08 1.82097e+08
-3.53115e+08 1.78992e+08
-3.54786e+08 1.75872e+08
-3.56428e+08 1.72737e+08
-3.58039e+08 1.69588e+08
-3.59621e+08 1.66425e+08
-3.61174e+08 1.63248e+08
-3.62696e+08 1.60057e+08
-3.64188e+08 1.56853e+08
-3.65650e+08 1.53636e+08
-3.67082e+08 1.50407e+08
-3.68483e+08 1.47165e+08
-3.69854e+08 1.43911e+08
-3.71195e+08 1.40645e+08
-3.72505e+08 1.37367e+08
-3.73784e+08 1.34078e+08
-3.75032e+08 1.30778e+08
-3.76249e+08 1.27468e+08
-3.77436e+08 1.24146e+08
-3.78591e+08 1.20815e+08
-3.79715e+08 1.17474e+08
-3.80808e+08 1.14123e+08
-3.81870e+08 1.10762e+08
-3.82900e+08 1.07393e+08
-3.83899e+08 1.04014e+08
-3.84867e+08 1.00627e+08
-3.85802e+08 9.72323e+07
-3.86707e+08 9.38292e+07
-3.87579e+08 9.04184e+07
-3.88420e+08 8.70003e+07
-3.89229e+08 8.35750e+07
-3.90006e+08 8.01428e+07
-3.90751e+08 7.67041e+07
-3.91465e+08 7.32591e+07
-3.92146e+08 6.98082e+07
-3.92795e+08 6.63515e+07
-3.93412e+08 6.28894e+07
-3.93997e+08 5.94222e+07
-3.94550e+08 5.59501e+07
-3.95071e+08 5.24735e+07
-3.95560e+08 4.89926e+07
-3.96016e+08 4.55077e+07
-3.96440e+08 4.20191e+07
-3.96832e+08 3.85271e+07
-3.97191e+08 3.50319e+07
-3.97518e+08 3.15339e+07
-3.97813e+08 2.80333e+07
-3.98075e+08 2.45305e+07
-3.98305e+08 2.10256e+07
-3.98502e+08 1.75190e+07
-3.98667e+08 1.40111e+07
-3.98800e+08 1.05019e+07
-3.98900e+08 6.99194e+06
-3.98968e+08 3.48139e+06
-3.99004e+08 -2.94552e+04
-3.99007e+08 -3.54030e+06
-3.98977e+08 -7.05085e+06
-3.98915e+08 -1.05608e+07
-3.98821e+08 -1.40700e+07
-3.98694e+08 -1.75780e+07
-3.98535e+08 -2.10845e+07
-3.98344e+08 -2.45894e+07
-3.98120e+08 -2.80922e+07
-3.97864e+08 -3.15928e+07
-3.97575e+08 -3.50908e+07
-3.97255e+08 -3.85860e+07
-3.96902e+08 -4.20780e+07
-3.96517e+08 -4.55666e+07
-3.96099e+08 -4.90515e+07
-3.95650e+08 -5.25324e+07
-3.95168e+08 -5.60091e+07
-3.94654e+08 -5.94812e+07
-3.94108e+08 -6.29485e+07
-3.93531e+08 -6.64107e+07
-3.92921e+08 -6.98675e+07
-3.92279e+08 -7.33186e+07
-3.91606e+08 -7.67637e+07
-3.90900e+08 -8.02026e+07
-3.90163e+08 -8.36350e+07
-3.89394e+08 -8.70606e+07
-3.88594e+08 -9.04792e+07
-3.87762e+08 -9.38903e+07
-3.86898e+08 -9.72939e+07
-3.86003e+08 -1.00690e+08
-3.85077e+08 -1.04077e+08
-3.84119e+08 -1.07456e+08
-3.83130e+08 -1.10826e+08
-3.82110e+08 -1.14187e+08
-3.81059e+08 -1.17539e+08
-3.79976e+08 -1.20882e+08
-3.78863e+08 -1.24214e+08
-3.77719e+08 -1.27537e+08
-3.76544e+08 -1.30849e+08
-3.75339e+08 -1.34150e+08
-3.74103e+08 -1.37440e+08
-3.72836e+08 -1.40719e+08
-3.71539e+08 -1.43987e+08
-3.70212e+08 -1.47243e+08
-3.68854e+08 -1.50487e+08
-3.67466e+08 -1.53719e+08
-3.66049e+08 -1.56938e+08
-3.64601e+08 -1.60144e+08
-3.63123e+08 -1.63337e+08
-3.61616e+08 -1.66517e+08
-3.60080e+08 -1.69683e+08
-3.58513e+08 -1.72835e+08
-3.56918e+08 -1.75974e+08
-3.55293e+08 -1.79097e+08
-3.53639e+08 -1.82206e+08
-3.51956e+08 -1.85300e+08
-3.50244e+08 -1.88379e+08
-3.48504e+08 -1.91443e+08
-3.46735e+08 -1.94491e+08
-3.44937e+08 -1.97522e+08
-3.43111e+08 -2.00538e+08
-3.41257e+08 -2.03537e+08
-3.39375e+08 -2.06519e+08
-3.37464e+08 -2.09484e+08
-3.35526e+08 -2.12432e+08
-3.33561e+08 -2.15363e+08
-3.31568e+08 -2.18275e+08
-3.29547e+08 -2.21170e+08
-3.27499e+08 -2.24047e+08
-3.25424e+08 -2.26905e+08
-3.23323e+08 -2.29744e+08
-3.21194e+08 -2.32564e+08
-3.19039e+08 -2.35365e+08
-3.16858e+08 -2.38146e+08
-3.14650e+08 -2.40908e+08
-3.12416e+08 -2.43649e+08
-3.10156e+08 -2.46371e+08
-3.07871e+08 -2.49072e+08
-3.05559e+08 -2.51752e+08
-3.03223e+08 -2.54412e+08
-3.00861e+08 -2.57050e+08
-2.98474e+08 -2.59666e+08
-2.96062e+08 -2.62262e+08
-2.93626e+08 -2.64835e+08
-2.91165e+08 -2.67386e+08
-2.88679e+08 -2.69915e+08
-2.86170e+08 -2.72421e+08
-2.83637e+08 -2.74904e+08
-2.81079e+08 -2.77365e+08
-2.78499e+08 -2.79802e+08
-2.75895e+08 -2.82215e+08
-2.73267e+08 -2.84605e+08
-2.70617e+08 -2.86971e+08
-2.67944e+08 -2.89313e+08
-2.65248e+08 -2.91631e+08
-2.62531e+08 -2.93924e+08
-2.59790e+08 -2.96192e+08
-2.57028e+08 -2.98435e+08
-2.54245e+08 -3.00653e+08
-2.51440e+08 -3.02845e+08
-2.48613e+08 -3.05012e+08
-2.45766e+08 -3.07153e+08
-2.42897e+08 -3.09268e+08
-2.40008e+08 -3.11357e+08
-2.37099e+08 -3.13419e+08
-2.34169e+08 -3.15455e+08
-2.31220e+08 -3.17464e+08
-2.28250e+08 -3.19445e+08
-2.25262e+08 -3.21400e+08
-2.22254e+08 -3.23327e+08
-2.19227e+08 -3.25226e+08
-2.16181e+08 -3.27098e+08
-2.13117e+08 -3.28941e+08
-2.10035e+08 -3.30757e+08
-2.06934e+08 -3.32544e+08
-2.03816e+08 -3.34302e+08
-2.00680e+08 -3.36032e+08
-1.97527e+08 -3.37732e+08
-1.94357e+08 -3.39404e+08
-1.91170e+08 -3.41046e+08
-1.87967e+08 -3.42659e+08
-1.84747e+08 -3.44242e+08
-1.81512e+08 -3.45796e+08
-1.78260e+08 -3.47319e+08
-1.74993e+08 -3.48812e+08
-1.71711e+08 -3.50275e+08
-1.68414e+08 -3.51708e+08
-1.65103e+08 -3.53110e+08
-1.61777e+08 -3.54481e+08
-1.58437e+08 -3.55821e+08
-1.55083e+08 -3.57130e+08
-1.51715e+08 -3.58408e+08
-1.48335e+08 -3.59655e+08
-1.44941e+08 -3.60870e+08
-1.41534e+08 -3.62053e+08
-1.38115e+08 -3.63205e+08
-1.34684e+08 -3.64324e+08
-1.31241e+08 -3.65412e+08
-1.27787e+08 -3.66467e+08
-1.24321e+08 -3.67490e+08
-1.20844e+08 -3.68480e+08
-1.17356e+08 -3.69438e+08
-1.13858e+08 -3.70363e+08
-1.10350e+08 -3.71255e+08
-1.06833e+08 -3.72114e+08
-1.03305e+08 -3.72940e+08
-9.97687e+07 -3.73733e+08
-9.62232e+07 -3.74492e+08
-9.26692e+07 -3.75218e+08
-8.91068e+07 -3.75911e+08
-8.55365e+07 -3.76570e+08
-8.19585e+07 -3.77195e+08
-7.83732e+07 -3.77786e+08
-7.47808e+07 -3.78343e+08
-7.11817e+07 -3.78866e+08
-6.75761e+07 -3.79355e+08
-6.39645e+07 -3.79810e+08
-6.03471e+07 -3.80231e+08
-5.67242e+07 -3.80617e+08
-5.30962e+07 -3.80969e+08
-4.94634e+07 -3.81286e+08
-4.58261e+07 -3.81568e+08
-4.21846e+07 -3.81816e+08
-3.85393e+07 -3.82029e+08
-3.48905e+07 -3.82207e+08
-3.12384e+07 -3.82350e+08
-2.75836e+07 -3.82459e+08
-2.39262e+07 -3.82532e+08
-2.02666e+07 -3.82570e+08
-1.66051e+07 -3.82573e+08
-1.29421e+07 -3.82541e+08
-9.27794e+06 -3.82474e+08
-5.61291e+06 -3.82371e+08
-1.94735e+06 -3.82233e+08
1.71838e+06 -3.82060e+08
5.38396e+06 -3.81851e+08
9.04904e+06 -3.81607e+08
1.27133e+07 -3.81328e+08
1.63763e+07 -3.81013e+08
2.00378e+07 -3.80663e+08
2.36975e+07 -3.80277e+08
2.73549e+07 -3.79856e+08
3.10098e+07 -3.79399e+08
3.46618e+07 -3.78907e+08
3.83106e+07 -3.78379e+08
4.19557e+07 -3.77816e+08
4.55969e+07 -3.77217e+08
4.92338e+07 -3.76583e+08
5.28661e+07 -3.75913e+08
5.64934e+07 -3.75208e+08
6.01153e+07 -3.74467e+08
6.37316e+07 -3.73691e+08
6.73418e+07 -3.72879e+08
7.09456e+07 -3.72032e+08
7.45427e+07 -3.71150e+08
7.81327e+07 -3.70232e+08
8.17153e+07 -3.69279e+08
8.52900e+07 -3.68291e+08
8.88566e+07 -3.67268e+08
9.24147e+07 -3.66209e+08
9.59640e+07 -3.65116e+08
9.95040e+07 -3.63987e+08
1.03035e+08 -3.62824e+08
1.06555e+08 -3.61625e+08
1.10065e+08 -3.60392e+08
1.13565e+08 -3.59124e+08
1.17054e+08 -3.57821e+08
1.20531e+08 -3.56484e+08
1.23997e+08 -3.55112e+08
1.27451e+08 -3.53705e+08
1.30892e+08 -3.52265e+08
1.34320e+08 -3.50790e+08
1.37736e+08 -3.49281e+08
1.41138e+08 -3.47737e+08
1.44526e+08 -3.46160e+08
1.47900e+08 -3.44549e+08
1.51260e+08 -3.42904e+08
1.54605e+08 -3.41226e+08
1.57934e+08 -3.39514e+08
1.61249e+08 -3.37769e+08
1.64547e+08 -3.35990e+08
1.67829e+08 -3.34178e+08
1.71094e+08 -3.32334e+08
1.74343e+08 -3.30456e+08
1.77574e+08 -3.28546e+08
1.80788e+08 -3.26603e+08
1.83983e+08 -3.24628e+08
1.87161e+08 -3.22620e+08
1.90320e+08 -3.20581e+08
1.93459e+08 -3.18509e+08
1.96580e+08 -3.16406e+08
1.99681e+08 -3.14271e+08
2.02762e+08 -3.12105e+08
2.05823e+08 -3.09907e+08
2.08863e+08 -3.07679e+08
2.11882e+08 -3.05419e+08
2.14879e+08 -3.03129e+08
2.17855e+08 -3.00808e+08
2.20810e+08 -2.98457e+08
2.23742e+08 -2.96076e+08
2.26651e+08 -2.93665e+08
2.29537e+08 -2.91224e+08
2.32400e+08 -2.88754e+08
2.35240e+08 -2.86254e+08
2.38056e+08 -2.83726e+08
2.40847e+08 -2.81168e+08
2.43614e+08 -2.78582e+08
2.46356e+08 -2.75968e+08
2.49073e+08 -2.73325e+08
2.51765e+08 -2.70655e+08
2.54431e+08 -2.67957e+08
2.57071e+08 -2.65231e+08
2.59684e+08 -2.62479e+08
2.62271e+08 -2.59699e+08
2.64831e+08 -2.56893e+08
2.67364e+08 -2.54060e+08
2.69869e+08 -2.51201e+08
2.72346e+08 -2.48317e+08
2.74796e+08 -2.45407e+08
2.77217e+08 -2.42471e+08
2.79609e+08 -2.39510e+08
2.81972e+08 -2.36525e+08
2.84307e+08 -2.33515e+08
2.86611e+08 -2.30481e+08
2.88886e+08 -2.27423e+08
2.91131e+08 -2.24341e+08
2.93346e+08 -2.21236e+08
2.95530e+08 -2.18108e+08
2.97684e+08 -2.14957e+08
2.99806e+08 -2.11784e+08
3.01897e+08 -2.08589e+08
3.03956e+08 -2.05372e+08
3.05984e+08 -2.02133e+08
3.07980e+08 -1.98873e+08
3.09943e+08 -1.95593e+08
3.11874e+08 -1.92292e+08
3.13772e+08 -1.88970e+08
3.15638e+08 -1.85629e+08
3.17470e+08 -1.82269e+08
3.19268e+08 -1.78889e+08
3.21033e+08 -1.75490e+08
3.22764e+08 -1.72073e+08
3.24461e+08 -1.68638e+08
3.26124e+08 -1.65184e+08
3.27753e+08 -1.61714e+08
3.29346e+08 -1.58226e+08
3.30905e+08 -1.54722e+08
3.32429e+08 -1.51201e+08
3.33918e+08 -1.47664e+08
3.35371e+08 -1.44112e+08
3.36788e+08 -1.40544e+08
3.38170e+08 -1.36961e+08
3.39516e+08 -1.33364e+08
3.40826e+08 -1.29752e+08
3.42099e+08 -1.26127e+08
3.43336e+08 -1.22488e+08
3.44537e+08 -1.18836e+08
3.45701e+08 -1.15172e+08
3.46827e+08 -1.11495e+08
3.47917e+08 -1.07807e+08
3.48970e+08 -1.04106e+08
3.49985e+08 -1.00395e+08
3.50963e+08 -9.66730e+07
3.51903e+08 -9.29406e+07
3.52806e+08 -8.91982e+07
3.53671e+08 -8.54463e+07
3.54498e+08 -8.16853e+07
3.55287e+08 -7.79154e+07
3.56038e+08 -7.41372e+07
3.56750e+08 -7.03511e+07
3.57425e+08 -6.65574e+07
3.58061e+08 -6.27565e+07
3.58658e+08 -5.89490e+07
3.59217e+08 -5.51350e+07
3.59737e+08 -5.13152e+07
3.60219e+08 -4.74898e+07
3.60662e+08 -4.36593e+07
3.61066e+08 -3.98241e+07
3.61431e+08 -3.59846e+07
3.61757e+08 -3.21412e+07
3.62044e+08 -2.82944e+07
3.62292e+08 -2.44445e+07
3.62501e+08 -2.05920e+07
3.62671e+08 -1.67373e+07
3.62802e+08 -1.28808e+07
3.62894e+08 -9.02289e+06
3.62946e+08 -5.16402e+06
